ERROR - 2023-07-11 08:15:38 --> Error connecting to the database: mysqli_sql_exception: Access denied for user ''@'localhost' (using password: NO) in /home/izaus/IzausLab/Project/mylapak/backend-ci4-mylapak/system/Database/MySQLi/Connection.php:174
Stack trace:
#0 /home/izaus/IzausLab/Project/mylapak/backend-ci4-mylapak/system/Database/MySQLi/Connection.php(174): mysqli->real_connect()
#1 /home/izaus/IzausLab/Project/mylapak/backend-ci4-mylapak/system/Database/BaseConnection.php(391): CodeIgniter\Database\MySQLi\Connection->connect()
#2 /home/izaus/IzausLab/Project/mylapak/backend-ci4-mylapak/system/Database/BaseConnection.php(574): CodeIgniter\Database\BaseConnection->initialize()
#3 /home/izaus/IzausLab/Project/mylapak/backend-ci4-mylapak/system/Database/BaseConnection.php(1409): CodeIgniter\Database\BaseConnection->query()
#4 /home/izaus/IzausLab/Project/mylapak/backend-ci4-mylapak/system/Database/BaseConnection.php(1428): CodeIgniter\Database\BaseConnection->listTables()
#5 /home/izaus/IzausLab/Project/mylapak/backend-ci4-mylapak/system/Database/MigrationRunner.php(768): CodeIgniter\Database\BaseConnection->tableExists()
#6 /home/izaus/IzausLab/Project/mylapak/backend-ci4-mylapak/system/Database/MigrationRunner.php(168): CodeIgniter\Database\MigrationRunner->ensureTable()
#7 /home/izaus/IzausLab/Project/mylapak/backend-ci4-mylapak/system/Commands/Database/Migrate.php(84): CodeIgniter\Database\MigrationRunner->latest()
#8 /home/izaus/IzausLab/Project/mylapak/backend-ci4-mylapak/system/CLI/Commands.php(65): CodeIgniter\Commands\Database\Migrate->run()
#9 /home/izaus/IzausLab/Project/mylapak/backend-ci4-mylapak/system/CLI/Console.php(37): CodeIgniter\CLI\Commands->run()
#10 /home/izaus/IzausLab/Project/mylapak/backend-ci4-mylapak/spark(97): CodeIgniter\CLI\Console->run()
#11 {main}

Next CodeIgniter\Database\Exceptions\DatabaseException: Access denied for user ''@'localhost' (using password: NO) in /home/izaus/IzausLab/Project/mylapak/backend-ci4-mylapak/system/Database/MySQLi/Connection.php:218
Stack trace:
#0 /home/izaus/IzausLab/Project/mylapak/backend-ci4-mylapak/system/Database/BaseConnection.php(391): CodeIgniter\Database\MySQLi\Connection->connect()
#1 /home/izaus/IzausLab/Project/mylapak/backend-ci4-mylapak/system/Database/BaseConnection.php(574): CodeIgniter\Database\BaseConnection->initialize()
#2 /home/izaus/IzausLab/Project/mylapak/backend-ci4-mylapak/system/Database/BaseConnection.php(1409): CodeIgniter\Database\BaseConnection->query()
#3 /home/izaus/IzausLab/Project/mylapak/backend-ci4-mylapak/system/Database/BaseConnection.php(1428): CodeIgniter\Database\BaseConnection->listTables()
#4 /home/izaus/IzausLab/Project/mylapak/backend-ci4-mylapak/system/Database/MigrationRunner.php(768): CodeIgniter\Database\BaseConnection->tableExists()
#5 /home/izaus/IzausLab/Project/mylapak/backend-ci4-mylapak/system/Database/MigrationRunner.php(168): CodeIgniter\Database\MigrationRunner->ensureTable()
#6 /home/izaus/IzausLab/Project/mylapak/backend-ci4-mylapak/system/Commands/Database/Migrate.php(84): CodeIgniter\Database\MigrationRunner->latest()
#7 /home/izaus/IzausLab/Project/mylapak/backend-ci4-mylapak/system/CLI/Commands.php(65): CodeIgniter\Commands\Database\Migrate->run()
#8 /home/izaus/IzausLab/Project/mylapak/backend-ci4-mylapak/system/CLI/Console.php(37): CodeIgniter\CLI\Commands->run()
#9 /home/izaus/IzausLab/Project/mylapak/backend-ci4-mylapak/spark(97): CodeIgniter\CLI\Console->run()
#10 {main}
CRITICAL - 2023-07-11 14:57:57 --> Call to undefined method CodeIgniter\HTTP\IncomingRequest::getQuery()
in APPPATH/Controllers/LapakController.php on line 187.
 1 SYSTEMPATH/CodeIgniter.php(934): App\Controllers\LapakController->search()
 2 SYSTEMPATH/CodeIgniter.php(499): CodeIgniter\CodeIgniter->runController()
 3 SYSTEMPATH/CodeIgniter.php(368): CodeIgniter\CodeIgniter->handleRequest()
 4 FCPATH/index.php(67): CodeIgniter\CodeIgniter->run()
 5 SYSTEMPATH/Commands/Server/rewrite.php(47): require_once('/home/izaus/IzausLab/Project/mylapak/backend-ci4-mylapak/public/index.php')
CRITICAL - 2023-07-11 15:03:24 --> CodeIgniter\Database\BaseBuilder::like(): Argument #2 ($match) must be of type string, array given, called in /home/izaus/IzausLab/Project/mylapak/backend-ci4-mylapak/system/Model.php on line 840
in SYSTEMPATH/Database/BaseBuilder.php on line 984.
 1 SYSTEMPATH/Model.php(840): CodeIgniter\Database\BaseBuilder->like()
 2 APPPATH/Controllers/LapakController.php(193): CodeIgniter\Model->__call()
 3 SYSTEMPATH/CodeIgniter.php(934): App\Controllers\LapakController->search()
 4 SYSTEMPATH/CodeIgniter.php(499): CodeIgniter\CodeIgniter->runController()
 5 SYSTEMPATH/CodeIgniter.php(368): CodeIgniter\CodeIgniter->handleRequest()
 6 FCPATH/index.php(67): CodeIgniter\CodeIgniter->run()
 7 SYSTEMPATH/Commands/Server/rewrite.php(47): require_once('/home/izaus/IzausLab/Project/mylapak/backend-ci4-mylapak/public/index.php')
CRITICAL - 2023-07-11 15:09:21 --> Call to undefined method App\Controllers\LapakController::getVar()
in APPPATH/Controllers/LapakController.php on line 188.
 1 SYSTEMPATH/CodeIgniter.php(934): App\Controllers\LapakController->search()
 2 SYSTEMPATH/CodeIgniter.php(499): CodeIgniter\CodeIgniter->runController()
 3 SYSTEMPATH/CodeIgniter.php(368): CodeIgniter\CodeIgniter->handleRequest()
 4 FCPATH/index.php(67): CodeIgniter\CodeIgniter->run()
 5 SYSTEMPATH/Commands/Server/rewrite.php(47): require_once('/home/izaus/IzausLab/Project/mylapak/backend-ci4-mylapak/public/index.php')
CRITICAL - 2023-07-11 15:20:29 --> "auth" filter must have a matching alias defined.
in SYSTEMPATH/Filters/Filters.php on line 340.
 1 SYSTEMPATH/Filters/Filters.php(340): CodeIgniter\Filters\Exceptions\FilterException::forNoAlias()
 2 SYSTEMPATH/CodeIgniter.php(466): CodeIgniter\Filters\Filters->enableFilter()
 3 SYSTEMPATH/CodeIgniter.php(368): CodeIgniter\CodeIgniter->handleRequest()
 4 FCPATH/index.php(67): CodeIgniter\CodeIgniter->run()
 5 SYSTEMPATH/Commands/Server/rewrite.php(47): require_once('/home/izaus/IzausLab/Project/mylapak/backend-ci4-mylapak/public/index.php')
CRITICAL - 2023-07-11 15:27:33 --> Attempt to read property "username" on array
in APPPATH/Controllers/AuthController.php on line 46.
 1 APPPATH/Controllers/AuthController.php(46): CodeIgniter\Debug\Exceptions->errorHandler()
 2 SYSTEMPATH/CodeIgniter.php(934): App\Controllers\AuthController->register()
 3 SYSTEMPATH/CodeIgniter.php(499): CodeIgniter\CodeIgniter->runController()
 4 SYSTEMPATH/CodeIgniter.php(368): CodeIgniter\CodeIgniter->handleRequest()
 5 FCPATH/index.php(67): CodeIgniter\CodeIgniter->run()
 6 SYSTEMPATH/Commands/Server/rewrite.php(47): require_once('/home/izaus/IzausLab/Project/mylapak/backend-ci4-mylapak/public/index.php')
ERROR - 2023-07-11 15:28:32 --> mysqli_sql_exception: Table 'mylapak_db.users' doesn't exist in /home/izaus/IzausLab/Project/mylapak/backend-ci4-mylapak/system/Database/MySQLi/Connection.php:295
Stack trace:
#0 /home/izaus/IzausLab/Project/mylapak/backend-ci4-mylapak/system/Database/MySQLi/Connection.php(295): mysqli->query()
#1 /home/izaus/IzausLab/Project/mylapak/backend-ci4-mylapak/system/Database/BaseConnection.php(692): CodeIgniter\Database\MySQLi\Connection->execute()
#2 /home/izaus/IzausLab/Project/mylapak/backend-ci4-mylapak/system/Database/BaseConnection.php(606): CodeIgniter\Database\BaseConnection->simpleQuery()
#3 /home/izaus/IzausLab/Project/mylapak/backend-ci4-mylapak/system/Database/BaseBuilder.php(1616): CodeIgniter\Database\BaseConnection->query()
#4 /home/izaus/IzausLab/Project/mylapak/backend-ci4-mylapak/system/Model.php(268): CodeIgniter\Database\BaseBuilder->get()
#5 /home/izaus/IzausLab/Project/mylapak/backend-ci4-mylapak/system/BaseModel.php(656): CodeIgniter\Model->doFirst()
#6 /home/izaus/IzausLab/Project/mylapak/backend-ci4-mylapak/app/Controllers/AuthController.php(47): CodeIgniter\BaseModel->first()
#7 /home/izaus/IzausLab/Project/mylapak/backend-ci4-mylapak/system/CodeIgniter.php(934): App\Controllers\AuthController->register()
#8 /home/izaus/IzausLab/Project/mylapak/backend-ci4-mylapak/system/CodeIgniter.php(499): CodeIgniter\CodeIgniter->runController()
#9 /home/izaus/IzausLab/Project/mylapak/backend-ci4-mylapak/system/CodeIgniter.php(368): CodeIgniter\CodeIgniter->handleRequest()
#10 /home/izaus/IzausLab/Project/mylapak/backend-ci4-mylapak/public/index.php(67): CodeIgniter\CodeIgniter->run()
#11 /home/izaus/IzausLab/Project/mylapak/backend-ci4-mylapak/system/Commands/Server/rewrite.php(47): require_once('...')
#12 {main}
CRITICAL - 2023-07-11 15:28:32 --> Table 'mylapak_db.users' doesn't exist
in SYSTEMPATH/Database/MySQLi/Connection.php on line 295.
 1 SYSTEMPATH/Database/MySQLi/Connection.php(295): mysqli->query()
 2 SYSTEMPATH/Database/BaseConnection.php(692): CodeIgniter\Database\MySQLi\Connection->execute()
 3 SYSTEMPATH/Database/BaseConnection.php(606): CodeIgniter\Database\BaseConnection->simpleQuery()
 4 SYSTEMPATH/Database/BaseBuilder.php(1616): CodeIgniter\Database\BaseConnection->query()
 5 SYSTEMPATH/Model.php(268): CodeIgniter\Database\BaseBuilder->get()
 6 SYSTEMPATH/BaseModel.php(656): CodeIgniter\Model->doFirst()
 7 APPPATH/Controllers/AuthController.php(47): CodeIgniter\BaseModel->first()
 8 SYSTEMPATH/CodeIgniter.php(934): App\Controllers\AuthController->register()
 9 SYSTEMPATH/CodeIgniter.php(499): CodeIgniter\CodeIgniter->runController()
10 SYSTEMPATH/CodeIgniter.php(368): CodeIgniter\CodeIgniter->handleRequest()
11 FCPATH/index.php(67): CodeIgniter\CodeIgniter->run()
12 SYSTEMPATH/Commands/Server/rewrite.php(47): require_once('/home/izaus/IzausLab/Project/mylapak/backend-ci4-mylapak/public/index.php')
CRITICAL - 2023-07-11 15:33:35 --> Call to a member function where() on null
in APPPATH/Controllers/AuthController.php on line 94.
 1 SYSTEMPATH/CodeIgniter.php(934): App\Controllers\AuthController->login()
 2 SYSTEMPATH/CodeIgniter.php(499): CodeIgniter\CodeIgniter->runController()
 3 SYSTEMPATH/CodeIgniter.php(368): CodeIgniter\CodeIgniter->handleRequest()
 4 FCPATH/index.php(67): CodeIgniter\CodeIgniter->run()
 5 SYSTEMPATH/Commands/Server/rewrite.php(47): require_once('/home/izaus/IzausLab/Project/mylapak/backend-ci4-mylapak/public/index.php')
CRITICAL - 2023-07-11 15:35:21 --> Class "App\Filters\JWT" not found
in APPPATH/Filters/AuthFilter.php on line 44.
 1 SYSTEMPATH/Filters/Filters.php(173): App\Filters\AuthFilter->before()
 2 SYSTEMPATH/CodeIgniter.php(473): CodeIgniter\Filters\Filters->run()
 3 SYSTEMPATH/CodeIgniter.php(368): CodeIgniter\CodeIgniter->handleRequest()
 4 FCPATH/index.php(67): CodeIgniter\CodeIgniter->run()
 5 SYSTEMPATH/Commands/Server/rewrite.php(47): require_once('/home/izaus/IzausLab/Project/mylapak/backend-ci4-mylapak/public/index.php')
CRITICAL - 2023-07-11 15:36:05 --> Class "App\Filters\JWT" not found
in APPPATH/Filters/AuthFilter.php on line 44.
 1 SYSTEMPATH/Filters/Filters.php(173): App\Filters\AuthFilter->before()
 2 SYSTEMPATH/CodeIgniter.php(473): CodeIgniter\Filters\Filters->run()
 3 SYSTEMPATH/CodeIgniter.php(368): CodeIgniter\CodeIgniter->handleRequest()
 4 FCPATH/index.php(67): CodeIgniter\CodeIgniter->run()
 5 SYSTEMPATH/Commands/Server/rewrite.php(47): require_once('/home/izaus/IzausLab/Project/mylapak/backend-ci4-mylapak/public/index.php')
CRITICAL - 2023-07-11 15:36:17 --> Class "App\Filters\JWT" not found
in APPPATH/Filters/AuthFilter.php on line 44.
 1 SYSTEMPATH/Filters/Filters.php(173): App\Filters\AuthFilter->before()
 2 SYSTEMPATH/CodeIgniter.php(473): CodeIgniter\Filters\Filters->run()
 3 SYSTEMPATH/CodeIgniter.php(368): CodeIgniter\CodeIgniter->handleRequest()
 4 FCPATH/index.php(67): CodeIgniter\CodeIgniter->run()
 5 SYSTEMPATH/Commands/Server/rewrite.php(47): require_once('/home/izaus/IzausLab/Project/mylapak/backend-ci4-mylapak/public/index.php')
